[ 2016-09-23T00:01:10+08:00 ] 127.0.0.1 /admin.php?c=content
INFO: [ app_init ] --START--
INFO: Run Behavior\BuildLiteBehavior [ RunTime:0.000039s ]
INFO: [ app_init ] --END-- [ RunTime:0.001314s ]
INFO: [ app_begin ] --START--
INFO: Run Behavior\ReadHtmlCacheBehavior [ RunTime:0.000721s ]
INFO: [ app_begin ] --END-- [ RunTime:0.000785s ]
NOTIC: [8] Undefined index: title D:\web\www\mydemo\Application\Admin\Controller\ContentController.class.php 第 9 行.
NOTIC: [8] Undefined index: catid D:\web\www\mydemo\Application\Admin\Controller\ContentController.class.php 第 13 行.
NOTIC: [8] Undefined index: P D:\web\www\mydemo\Application\Admin\Controller\ContentController.class.php 第 17 行.
SQL: SHOW COLUMNS FROM `cms_news` [ RunTime:0.0070s ]
SQL: SELECT * FROM `cms_news` WHERE `status` <> -1 ORDER BY listorder desc,news_id desc LIMIT 0,1   [ RunTime:0.0008s ]
SQL: SELECT COUNT(*) AS tp_count FROM `cms_news` WHERE `status` <> -1 LIMIT 1   [ RunTime:0.0004s ]
NOTIC: [2048] Declaration of Common\Model\MenuModel::find() should be compatible with Think\Model::find($options = Array) D:\web\www\mydemo\Application\Common\Model\MenuModel.class.php 第 85 行.
SQL: SHOW COLUMNS FROM `cms_menu` [ RunTime:0.0053s ]
NOTIC: [8] Undefined variable: status D:\web\www\mydemo\Application\Common\Model\MenuModel.class.php 第 78 行.
SQL: SELECT * FROM `cms_menu` WHERE `type` = 0 ORDER BY listorder desc,menu_id desc  [ RunTime:0.0007s ]
INFO: [ view_parse ] --START--
INFO: [ template_filter ] --START--
INFO: Run Behavior\ContentReplaceBehavior [ RunTime:0.000086s ]
INFO: [ template_filter ] --END-- [ RunTime:0.000150s ]
SQL: SELECT * FROM `cms_menu` WHERE `status` <> -1 AND `type` = 1 ORDER BY listorder desc,menu_id desc  [ RunTime:0.0007s ]
NOTIC: [8] Undefined index: a D:\web\www\mydemo\Application\Common\Common\function.php 第 35 行.
NOTIC: [8] Undefined index: a D:\web\www\mydemo\Application\Common\Common\function.php 第 35 行.
NOTIC: [8] Undefined index: a D:\web\www\mydemo\Application\Common\Common\function.php 第 35 行.
NOTIC: [8] Undefined index: a D:\web\www\mydemo\Application\Common\Common\function.php 第 35 行.
NOTIC: [8] Undefined variable: copyForm D:\web\www\mydemo\Application\Common\Common\function.php 第 73 行.

[ 2016-09-23T00:03:02+08:00 ] 127.0.0.1 /admin.php?c=content
INFO: [ app_init ] --START--
INFO: Run Behavior\BuildLiteBehavior [ RunTime:0.000016s ]
INFO: [ app_init ] --END-- [ RunTime:0.000516s ]
INFO: [ app_begin ] --START--
INFO: Run Behavior\ReadHtmlCacheBehavior [ RunTime:0.000701s ]
INFO: [ app_begin ] --END-- [ RunTime:0.000751s ]
NOTIC: [8] Undefined index: title D:\web\www\mydemo\Application\Admin\Controller\ContentController.class.php 第 9 行.
NOTIC: [8] Undefined index: catid D:\web\www\mydemo\Application\Admin\Controller\ContentController.class.php 第 13 行.
NOTIC: [8] Undefined index: P D:\web\www\mydemo\Application\Admin\Controller\ContentController.class.php 第 17 行.
SQL: SHOW COLUMNS FROM `cms_news` [ RunTime:0.0119s ]
SQL: SELECT * FROM `cms_news` WHERE `status` <> -1 ORDER BY listorder desc,news_id desc LIMIT 0,1   [ RunTime:0.0013s ]
SQL: SELECT COUNT(*) AS tp_count FROM `cms_news` WHERE `status` <> -1 LIMIT 1   [ RunTime:0.0008s ]
NOTIC: [2048] Declaration of Common\Model\MenuModel::find() should be compatible with Think\Model::find($options = Array) D:\web\www\mydemo\Application\Common\Model\MenuModel.class.php 第 85 行.
SQL: SHOW COLUMNS FROM `cms_menu` [ RunTime:0.0105s ]
NOTIC: [8] Undefined variable: status D:\web\www\mydemo\Application\Common\Model\MenuModel.class.php 第 78 行.
SQL: SELECT * FROM `cms_menu` WHERE `type` = 0 ORDER BY listorder desc,menu_id desc  [ RunTime:0.0010s ]
INFO: [ view_parse ] --START--
INFO: [ template_filter ] --START--
INFO: Run Behavior\ContentReplaceBehavior [ RunTime:0.000203s ]
INFO: [ template_filter ] --END-- [ RunTime:0.000345s ]
SQL: SELECT * FROM `cms_menu` WHERE `status` <> -1 AND `type` = 1 ORDER BY listorder desc,menu_id desc  [ RunTime:0.0017s ]
NOTIC: [8] Undefined index: a D:\web\www\mydemo\Application\Common\Common\function.php 第 35 行.
NOTIC: [8] Undefined index: a D:\web\www\mydemo\Application\Common\Common\function.php 第 35 行.
NOTIC: [8] Undefined index: a D:\web\www\mydemo\Application\Common\Common\function.php 第 35 行.
NOTIC: [8] Undefined index: a D:\web\www\mydemo\Application\Common\Common\function.php 第 35 行.
NOTIC: [8] Undefined variable: copyForm D:\web\www\mydemo\Application\Common\Common\function.php 第 73 行.

[ 2016-09-23T00:04:44+08:00 ] 127.0.0.1 /index.php?m=admin&c=login
INFO: [ app_init ] --START--
INFO: Run Behavior\BuildLiteBehavior [ RunTime:0.000011s ]
INFO: [ app_init ] --END-- [ RunTime:0.000442s ]
INFO: [ app_begin ] --START--
INFO: Run Behavior\ReadHtmlCacheBehavior [ RunTime:0.000599s ]
INFO: [ app_begin ] --END-- [ RunTime:0.000654s ]
INFO: [ view_parse ] --START--
INFO: [ template_filter ] --START--
INFO: Run Behavior\ContentReplaceBehavior [ RunTime:0.000037s ]
INFO: [ template_filter ] --END-- [ RunTime:0.000084s ]
INFO: Run Behavior\ParseTemplateBehavior [ RunTime:0.005031s ]
INFO: [ view_parse ] --END-- [ RunTime:0.005075s ]
INFO: [ view_filter ] --START--
INFO: Run Behavior\WriteHtmlCacheBehavior [ RunTime:0.000445s ]
INFO: [ view_filter ] --END-- [ RunTime:0.000475s ]
INFO: [ app_end ] --START--
INFO: Run Behavior\ShowPageTraceBehavior [ RunTime:0.000624s ]
INFO: [ app_end ] --END-- [ RunTime:0.000657s ]

[ 2016-09-23T00:04:45+08:00 ] 127.0.0.1 /index.php?m=admin&c=login
INFO: [ app_init ] --START--
INFO: Run Behavior\BuildLiteBehavior [ RunTime:0.000012s ]
INFO: [ app_init ] --END-- [ RunTime:0.000346s ]
INFO: [ app_begin ] --START--
INFO: Run Behavior\ReadHtmlCacheBehavior [ RunTime:0.000567s ]
INFO: [ app_begin ] --END-- [ RunTime:0.000612s ]
INFO: [ view_parse ] --START--
INFO: [ template_filter ] --START--
INFO: Run Behavior\ContentReplaceBehavior [ RunTime:0.000051s ]
INFO: [ template_filter ] --END-- [ RunTime:0.000134s ]
INFO: Run Behavior\ParseTemplateBehavior [ RunTime:0.009507s ]
INFO: [ view_parse ] --END-- [ RunTime:0.009605s ]
INFO: [ view_filter ] --START--
INFO: Run Behavior\WriteHtmlCacheBehavior [ RunTime:0.001180s ]
INFO: [ view_filter ] --END-- [ RunTime:0.001256s ]
INFO: [ app_end ] --START--
INFO: Run Behavior\ShowPageTraceBehavior [ RunTime:0.000716s ]
INFO: [ app_end ] --END-- [ RunTime:0.000759s ]

[ 2016-09-23T00:04:52+08:00 ] 127.0.0.1 /index.php?m=admin&c=login&a=check
INFO: [ app_init ] --START--
INFO: Run Behavior\BuildLiteBehavior [ RunTime:0.000013s ]
INFO: [ app_init ] --END-- [ RunTime:0.000474s ]
INFO: [ app_begin ] --START--
INFO: Run Behavior\ReadHtmlCacheBehavior [ RunTime:0.000682s ]
INFO: [ app_begin ] --END-- [ RunTime:0.000728s ]
SQL: SHOW COLUMNS FROM `cms_admin` [ RunTime:0.0122s ]
SQL: SELECT * FROM `cms_admin` WHERE ( username="admin" ) LIMIT 1   [ RunTime:0.0013s ]

[ 2016-09-23T00:04:54+08:00 ] 127.0.0.1 /index.php?m=admin&c=index
INFO: [ app_init ] --START--
INFO: Run Behavior\BuildLiteBehavior [ RunTime:0.000011s ]
INFO: [ app_init ] --END-- [ RunTime:0.000384s ]
INFO: [ app_begin ] --START--
INFO: Run Behavior\ReadHtmlCacheBehavior [ RunTime:0.000513s ]
INFO: [ app_begin ] --END-- [ RunTime:0.000550s ]
INFO: [ view_parse ] --START--
INFO: [ template_filter ] --START--
INFO: Run Behavior\ContentReplaceBehavior [ RunTime:0.000050s ]
INFO: [ template_filter ] --END-- [ RunTime:0.000086s ]
NOTIC: [2048] Declaration of Common\Model\MenuModel::find() should be compatible with Think\Model::find($options = Array) D:\web\www\mydemo\Application\Common\Model\MenuModel.class.php 第 4 行.
SQL: SHOW COLUMNS FROM `cms_menu` [ RunTime:0.0120s ]
SQL: SELECT * FROM `cms_menu` WHERE `status` <> -1 AND `type` = 1 ORDER BY listorder desc,menu_id desc  [ RunTime:0.0011s ]
NOTIC: [8] Undefined index: a D:\web\www\mydemo\Application\Common\Common\function.php 第 35 行.
NOTIC: [8] Undefined index: a D:\web\www\mydemo\Application\Common\Common\function.php 第 35 行.
NOTIC: [8] Undefined index: a D:\web\www\mydemo\Application\Common\Common\function.php 第 35 行.
NOTIC: [8] Undefined index: a D:\web\www\mydemo\Application\Common\Common\function.php 第 35 行.
INFO: Run Behavior\ParseTemplateBehavior [ RunTime:1.043714s ]
INFO: [ view_parse ] --END-- [ RunTime:1.043806s ]
INFO: [ view_filter ] --START--
INFO: Run Behavior\WriteHtmlCacheBehavior [ RunTime:0.001622s ]
INFO: [ view_filter ] --END-- [ RunTime:0.001755s ]
INFO: [ app_end ] --START--
INFO: Run Behavior\ShowPageTraceBehavior [ RunTime:0.002086s ]
INFO: [ app_end ] --END-- [ RunTime:0.002210s ]

[ 2016-09-23T00:04:58+08:00 ] 127.0.0.1 /admin.php?c=content
INFO: [ app_init ] --START--
INFO: Run Behavior\BuildLiteBehavior [ RunTime:0.000015s ]
INFO: [ app_init ] --END-- [ RunTime:0.000492s ]
INFO: [ app_begin ] --START--
INFO: Run Behavior\ReadHtmlCacheBehavior [ RunTime:0.000694s ]
INFO: [ app_begin ] --END-- [ RunTime:0.000741s ]
NOTIC: [8] Undefined index: title D:\web\www\mydemo\Application\Admin\Controller\ContentController.class.php 第 9 行.
NOTIC: [8] Undefined index: catid D:\web\www\mydemo\Application\Admin\Controller\ContentController.class.php 第 13 行.
NOTIC: [8] Undefined index: P D:\web\www\mydemo\Application\Admin\Controller\ContentController.class.php 第 17 行.
SQL: SHOW COLUMNS FROM `cms_news` [ RunTime:0.0132s ]
SQL: SELECT * FROM `cms_news` WHERE `status` <> -1 ORDER BY listorder desc,news_id desc LIMIT 0,1   [ RunTime:0.0016s ]
SQL: SELECT COUNT(*) AS tp_count FROM `cms_news` WHERE `status` <> -1 LIMIT 1   [ RunTime:0.0008s ]
NOTIC: [2048] Declaration of Common\Model\MenuModel::find() should be compatible with Think\Model::find($options = Array) D:\web\www\mydemo\Application\Common\Model\MenuModel.class.php 第 85 行.
SQL: SHOW COLUMNS FROM `cms_menu` [ RunTime:0.0183s ]
NOTIC: [8] Undefined variable: status D:\web\www\mydemo\Application\Common\Model\MenuModel.class.php 第 78 行.
SQL: SELECT * FROM `cms_menu` WHERE `type` = 0 ORDER BY listorder desc,menu_id desc  [ RunTime:0.0011s ]
INFO: [ view_parse ] --START--
INFO: [ template_filter ] --START--
INFO: Run Behavior\ContentReplaceBehavior [ RunTime:0.000217s ]
INFO: [ template_filter ] --END-- [ RunTime:0.000382s ]
SQL: SELECT * FROM `cms_menu` WHERE `status` <> -1 AND `type` = 1 ORDER BY listorder desc,menu_id desc  [ RunTime:0.0006s ]
NOTIC: [8] Undefined index: a D:\web\www\mydemo\Application\Common\Common\function.php 第 35 行.
NOTIC: [8] Undefined index: a D:\web\www\mydemo\Application\Common\Common\function.php 第 35 行.
NOTIC: [8] Undefined index: a D:\web\www\mydemo\Application\Common\Common\function.php 第 35 行.
NOTIC: [8] Undefined index: a D:\web\www\mydemo\Application\Common\Common\function.php 第 35 行.
INFO: Run Behavior\ParseTemplateBehavior [ RunTime:0.033879s ]
INFO: [ view_parse ] --END-- [ RunTime:0.033970s ]
INFO: [ view_filter ] --START--
INFO: Run Behavior\WriteHtmlCacheBehavior [ RunTime:0.000825s ]
INFO: [ view_filter ] --END-- [ RunTime:0.000879s ]
INFO: [ app_end ] --START--
INFO: Run Behavior\ShowPageTraceBehavior [ RunTime:0.001002s ]
INFO: [ app_end ] --END-- [ RunTime:0.001061s ]

[ 2016-09-23T00:08:19+08:00 ] 127.0.0.1 /admin.php?c=content
INFO: [ app_init ] --START--
INFO: Run Behavior\BuildLiteBehavior [ RunTime:0.000012s ]
INFO: [ app_init ] --END-- [ RunTime:0.000447s ]
INFO: [ app_begin ] --START--
INFO: Run Behavior\ReadHtmlCacheBehavior [ RunTime:0.000647s ]
INFO: [ app_begin ] --END-- [ RunTime:0.000687s ]
NOTIC: [8] Undefined index: title D:\web\www\mydemo\Application\Admin\Controller\ContentController.class.php 第 9 行.
NOTIC: [8] Undefined index: catid D:\web\www\mydemo\Application\Admin\Controller\ContentController.class.php 第 13 行.
NOTIC: [8] Undefined index: P D:\web\www\mydemo\Application\Admin\Controller\ContentController.class.php 第 17 行.
SQL: SHOW COLUMNS FROM `cms_news` [ RunTime:0.0127s ]
SQL: SELECT * FROM `cms_news` WHERE `status` <> -1 ORDER BY listorder desc,news_id desc LIMIT 0,1   [ RunTime:0.0019s ]
SQL: SELECT COUNT(*) AS tp_count FROM `cms_news` WHERE `status` <> -1 LIMIT 1   [ RunTime:0.0012s ]
NOTIC: [2048] Declaration of Common\Model\MenuModel::find() should be compatible with Think\Model::find($options = Array) D:\web\www\mydemo\Application\Common\Model\MenuModel.class.php 第 85 行.
SQL: SHOW COLUMNS FROM `cms_menu` [ RunTime:0.0113s ]
NOTIC: [8] Undefined variable: status D:\web\www\mydemo\Application\Common\Model\MenuModel.class.php 第 78 行.
SQL: SELECT * FROM `cms_menu` WHERE `type` = 0 ORDER BY listorder desc,menu_id desc  [ RunTime:0.0010s ]
INFO: [ view_parse ] --START--
INFO: [ template_filter ] --START--
INFO: Run Behavior\ContentReplaceBehavior [ RunTime:0.000211s ]
INFO: [ template_filter ] --END-- [ RunTime:0.000346s ]
SQL: SELECT * FROM `cms_menu` WHERE `status` <> -1 AND `type` = 1 ORDER BY listorder desc,menu_id desc  [ RunTime:0.0011s ]
NOTIC: [8] Undefined index: a D:\web\www\mydemo\Application\Common\Common\function.php 第 35 行.
NOTIC: [8] Undefined index: a D:\web\www\mydemo\Application\Common\Common\function.php 第 35 行.
NOTIC: [8] Undefined index: a D:\web\www\mydemo\Application\Common\Common\function.php 第 35 行.
NOTIC: [8] Undefined index: a D:\web\www\mydemo\Application\Common\Common\function.php 第 35 行.
INFO: Run Behavior\ParseTemplateBehavior [ RunTime:0.035047s ]
INFO: [ view_parse ] --END-- [ RunTime:0.035186s ]
INFO: [ view_filter ] --START--
INFO: Run Behavior\WriteHtmlCacheBehavior [ RunTime:0.001581s ]
INFO: [ view_filter ] --END-- [ RunTime:0.001695s ]
INFO: [ app_end ] --START--
INFO: Run Behavior\ShowPageTraceBehavior [ RunTime:0.002316s ]
INFO: [ app_end ] --END-- [ RunTime:0.002472s ]

[ 2016-09-23T00:10:39+08:00 ] 127.0.0.1 /admin.php?c=content
INFO: [ app_init ] --START--
INFO: Run Behavior\BuildLiteBehavior [ RunTime:0.000013s ]
INFO: [ app_init ] --END-- [ RunTime:0.000438s ]
INFO: [ app_begin ] --START--
INFO: Run Behavior\ReadHtmlCacheBehavior [ RunTime:0.000694s ]
INFO: [ app_begin ] --END-- [ RunTime:0.000743s ]
NOTIC: [8] Undefined index: title D:\web\www\mydemo\Application\Admin\Controller\ContentController.class.php 第 9 行.
NOTIC: [8] Undefined index: catid D:\web\www\mydemo\Application\Admin\Controller\ContentController.class.php 第 13 行.
NOTIC: [8] Undefined index: P D:\web\www\mydemo\Application\Admin\Controller\ContentController.class.php 第 17 行.
SQL: SHOW COLUMNS FROM `cms_news` [ RunTime:0.0122s ]
SQL: SELECT * FROM `cms_news` WHERE `status` <> -1 ORDER BY listorder desc,news_id desc LIMIT 0,1   [ RunTime:0.0015s ]
SQL: SELECT COUNT(*) AS tp_count FROM `cms_news` WHERE `status` <> -1 LIMIT 1   [ RunTime:0.0011s ]
NOTIC: [2048] Declaration of Common\Model\MenuModel::find() should be compatible with Think\Model::find($options = Array) D:\web\www\mydemo\Application\Common\Model\MenuModel.class.php 第 85 行.
SQL: SHOW COLUMNS FROM `cms_menu` [ RunTime:0.0063s ]
NOTIC: [8] Undefined variable: status D:\web\www\mydemo\Application\Common\Model\MenuModel.class.php 第 78 行.
SQL: SELECT * FROM `cms_menu` WHERE `type` = 0 ORDER BY listorder desc,menu_id desc  [ RunTime:0.0005s ]
INFO: [ view_parse ] --START--
INFO: [ template_filter ] --START--
INFO: Run Behavior\ContentReplaceBehavior [ RunTime:0.000178s ]
INFO: [ template_filter ] --END-- [ RunTime:0.000316s ]
SQL: SELECT * FROM `cms_menu` WHERE `status` <> -1 AND `type` = 1 ORDER BY listorder desc,menu_id desc  [ RunTime:0.0006s ]
NOTIC: [8] Undefined index: a D:\web\www\mydemo\Application\Common\Common\function.php 第 35 行.
NOTIC: [8] Undefined index: a D:\web\www\mydemo\Application\Common\Common\function.php 第 35 行.
NOTIC: [8] Undefined index: a D:\web\www\mydemo\Application\Common\Common\function.php 第 35 行.
NOTIC: [8] Undefined index: a D:\web\www\mydemo\Application\Common\Common\function.php 第 35 行.
INFO: Run Behavior\ParseTemplateBehavior [ RunTime:0.017431s ]
INFO: [ view_parse ] --END-- [ RunTime:0.017500s ]
INFO: [ view_filter ] --START--
INFO: Run Behavior\WriteHtmlCacheBehavior [ RunTime:0.000872s ]
INFO: [ view_filter ] --END-- [ RunTime:0.000943s ]
INFO: [ app_end ] --START--
INFO: Run Behavior\ShowPageTraceBehavior [ RunTime:0.001120s ]
INFO: [ app_end ] --END-- [ RunTime:0.001200s ]

[ 2016-09-23T00:11:00+08:00 ] 127.0.0.1 /admin.php?c=content
INFO: [ app_init ] --START--
INFO: Run Behavior\BuildLiteBehavior [ RunTime:0.000016s ]
INFO: [ app_init ] --END-- [ RunTime:0.000499s ]
INFO: [ app_begin ] --START--
INFO: Run Behavior\ReadHtmlCacheBehavior [ RunTime:0.000695s ]
INFO: [ app_begin ] --END-- [ RunTime:0.000740s ]
NOTIC: [8] Undefined index: title D:\web\www\mydemo\Application\Admin\Controller\ContentController.class.php 第 9 行.
NOTIC: [8] Undefined index: catid D:\web\www\mydemo\Application\Admin\Controller\ContentController.class.php 第 13 行.
NOTIC: [8] Undefined index: P D:\web\www\mydemo\Application\Admin\Controller\ContentController.class.php 第 17 行.
SQL: SHOW COLUMNS FROM `cms_news` [ RunTime:0.0137s ]
SQL: SELECT * FROM `cms_news` WHERE `status` <> -1 ORDER BY listorder desc,news_id desc LIMIT 0,1   [ RunTime:0.0018s ]
SQL: SELECT COUNT(*) AS tp_count FROM `cms_news` WHERE `status` <> -1 LIMIT 1   [ RunTime:0.0008s ]
NOTIC: [2048] Declaration of Common\Model\MenuModel::find() should be compatible with Think\Model::find($options = Array) D:\web\www\mydemo\Application\Common\Model\MenuModel.class.php 第 85 行.
SQL: SHOW COLUMNS FROM `cms_menu` [ RunTime:0.0141s ]
NOTIC: [8] Undefined variable: status D:\web\www\mydemo\Application\Common\Model\MenuModel.class.php 第 78 行.
SQL: SELECT * FROM `cms_menu` WHERE `type` = 0 ORDER BY listorder desc,menu_id desc  [ RunTime:0.0006s ]
INFO: [ view_parse ] --START--
INFO: [ template_filter ] --START--
INFO: Run Behavior\ContentReplaceBehavior [ RunTime:0.000133s ]
INFO: [ template_filter ] --END-- [ RunTime:0.000226s ]
SQL: SELECT * FROM `cms_menu` WHERE `status` <> -1 AND `type` = 1 ORDER BY listorder desc,menu_id desc  [ RunTime:0.0007s ]
NOTIC: [8] Undefined index: a D:\web\www\mydemo\Application\Common\Common\function.php 第 35 行.
NOTIC: [8] Undefined index: a D:\web\www\mydemo\Application\Common\Common\function.php 第 35 行.
NOTIC: [8] Undefined index: a D:\web\www\mydemo\Application\Common\Common\function.php 第 35 行.
NOTIC: [8] Undefined index: a D:\web\www\mydemo\Application\Common\Common\function.php 第 35 行.
INFO: Run Behavior\ParseTemplateBehavior [ RunTime:0.021539s ]
INFO: [ view_parse ] --END-- [ RunTime:0.021764s ]
INFO: [ view_filter ] --START--
INFO: Run Behavior\WriteHtmlCacheBehavior [ RunTime:0.001420s ]
INFO: [ view_filter ] --END-- [ RunTime:0.001503s ]
INFO: [ app_end ] --START--
INFO: Run Behavior\ShowPageTraceBehavior [ RunTime:0.001841s ]
INFO: [ app_end ] --END-- [ RunTime:0.001942s ]

[ 2016-09-23T00:12:04+08:00 ] 127.0.0.1 /admin.php?c=content
INFO: [ app_init ] --START--
INFO: Run Behavior\BuildLiteBehavior [ RunTime:0.000014s ]
INFO: [ app_init ] --END-- [ RunTime:0.000479s ]
INFO: [ app_begin ] --START--
INFO: Run Behavior\ReadHtmlCacheBehavior [ RunTime:0.000793s ]
INFO: [ app_begin ] --END-- [ RunTime:0.000840s ]
NOTIC: [8] Undefined index: title D:\web\www\mydemo\Application\Admin\Controller\ContentController.class.php 第 9 行.
NOTIC: [8] Undefined index: catid D:\web\www\mydemo\Application\Admin\Controller\ContentController.class.php 第 13 行.
NOTIC: [8] Undefined index: P D:\web\www\mydemo\Application\Admin\Controller\ContentController.class.php 第 17 行.
SQL: SHOW COLUMNS FROM `cms_news` [ RunTime:0.0123s ]
SQL: SELECT * FROM `cms_news` WHERE `status` <> -1 ORDER BY listorder desc,news_id desc LIMIT 0,1   [ RunTime:0.0012s ]
SQL: SELECT COUNT(*) AS tp_count FROM `cms_news` WHERE `status` <> -1 LIMIT 1   [ RunTime:0.0007s ]
NOTIC: [2048] Declaration of Common\Model\MenuModel::find() should be compatible with Think\Model::find($options = Array) D:\web\www\mydemo\Application\Common\Model\MenuModel.class.php 第 85 行.
SQL: SHOW COLUMNS FROM `cms_menu` [ RunTime:0.0126s ]
NOTIC: [8] Undefined variable: status D:\web\www\mydemo\Application\Common\Model\MenuModel.class.php 第 78 行.
SQL: SELECT * FROM `cms_menu` WHERE `type` = 0 ORDER BY listorder desc,menu_id desc  [ RunTime:0.0009s ]
INFO: [ view_parse ] --START--
INFO: [ template_filter ] --START--
INFO: Run Behavior\ContentReplaceBehavior [ RunTime:0.000214s ]
INFO: [ template_filter ] --END-- [ RunTime:0.000352s ]
SQL: SELECT * FROM `cms_menu` WHERE `status` <> -1 AND `type` = 1 ORDER BY listorder desc,menu_id desc  [ RunTime:0.0011s ]
NOTIC: [8] Undefined index: a D:\web\www\mydemo\Application\Common\Common\function.php 第 35 行.
NOTIC: [8] Undefined index: a D:\web\www\mydemo\Application\Common\Common\function.php 第 35 行.
NOTIC: [8] Undefined index: a D:\web\www\mydemo\Application\Common\Common\function.php 第 35 行.
NOTIC: [8] Undefined index: a D:\web\www\mydemo\Application\Common\Common\function.php 第 35 行.
INFO: Run Behavior\ParseTemplateBehavior [ RunTime:0.035425s ]
INFO: [ view_parse ] --END-- [ RunTime:0.035564s ]
INFO: [ view_filter ] --START--
INFO: Run Behavior\WriteHtmlCacheBehavior [ RunTime:0.001558s ]
INFO: [ view_filter ] --END-- [ RunTime:0.001677s ]
INFO: [ app_end ] --START--
INFO: Run Behavior\ShowPageTraceBehavior [ RunTime:0.002055s ]
INFO: [ app_end ] --END-- [ RunTime:0.002181s ]

[ 2016-09-23T00:18:36+08:00 ] 127.0.0.1 /admin.php?c=content
INFO: [ app_init ] --START--
INFO: Run Behavior\BuildLiteBehavior [ RunTime:0.000015s ]
INFO: [ app_init ] --END-- [ RunTime:0.000482s ]
INFO: [ app_begin ] --START--
INFO: Run Behavior\ReadHtmlCacheBehavior [ RunTime:0.000675s ]
INFO: [ app_begin ] --END-- [ RunTime:0.000726s ]
NOTIC: [8] Undefined index: title D:\web\www\mydemo\Application\Admin\Controller\ContentController.class.php 第 9 行.
NOTIC: [8] Undefined index: catid D:\web\www\mydemo\Application\Admin\Controller\ContentController.class.php 第 13 行.
NOTIC: [8] Undefined index: P D:\web\www\mydemo\Application\Admin\Controller\ContentController.class.php 第 17 行.
SQL: SHOW COLUMNS FROM `cms_news` [ RunTime:0.0130s ]
SQL: SELECT * FROM `cms_news` WHERE `status` <> -1 ORDER BY listorder desc,news_id desc LIMIT 0,1   [ RunTime:0.0014s ]
SQL: SELECT COUNT(*) AS tp_count FROM `cms_news` WHERE `status` <> -1 LIMIT 1   [ RunTime:0.0007s ]
NOTIC: [2048] Declaration of Common\Model\MenuModel::find() should be compatible with Think\Model::find($options = Array) D:\web\www\mydemo\Application\Common\Model\MenuModel.class.php 第 85 行.
SQL: SHOW COLUMNS FROM `cms_menu` [ RunTime:0.0111s ]
NOTIC: [8] Undefined variable: status D:\web\www\mydemo\Application\Common\Model\MenuModel.class.php 第 78 行.
SQL: SELECT * FROM `cms_menu` WHERE `type` = 0 ORDER BY listorder desc,menu_id desc  [ RunTime:0.0009s ]
INFO: [ view_parse ] --START--
INFO: [ template_filter ] --START--
INFO: Run Behavior\ContentReplaceBehavior [ RunTime:0.000215s ]
INFO: [ template_filter ] --END-- [ RunTime:0.000345s ]
SQL: SELECT * FROM `cms_menu` WHERE `status` <> -1 AND `type` = 1 ORDER BY listorder desc,menu_id desc  [ RunTime:0.0007s ]
NOTIC: [8] Undefined index: a D:\web\www\mydemo\Application\Common\Common\function.php 第 35 行.
NOTIC: [8] Undefined index: a D:\web\www\mydemo\Application\Common\Common\function.php 第 35 行.
NOTIC: [8] Undefined index: a D:\web\www\mydemo\Application\Common\Common\function.php 第 35 行.
NOTIC: [8] Undefined index: a D:\web\www\mydemo\Application\Common\Common\function.php 第 35 行.
NOTIC: [8] Undefined variable: pageres D:\web\www\mydemo\Application\Runtime\Cache\Admin\ccc9ced3ad798311a07cb47b740981c5.php 第 174 行.
INFO: Run Behavior\ParseTemplateBehavior [ RunTime:0.035060s ]
INFO: [ view_parse ] --END-- [ RunTime:0.035154s ]
INFO: [ view_filter ] --START--
INFO: Run Behavior\WriteHtmlCacheBehavior [ RunTime:0.000779s ]
INFO: [ view_filter ] --END-- [ RunTime:0.000828s ]
INFO: [ app_end ] --START--
INFO: Run Behavior\ShowPageTraceBehavior [ RunTime:0.000921s ]
INFO: [ app_end ] --END-- [ RunTime:0.000978s ]

[ 2016-09-23T00:18:39+08:00 ] 127.0.0.1 /admin.php?c=content&a=listorder
INFO: [ app_init ] --START--
INFO: Run Behavior\BuildLiteBehavior [ RunTime:0.000017s ]
INFO: [ app_init ] --END-- [ RunTime:0.000421s ]
INFO: [ app_begin ] --START--
INFO: Run Behavior\ReadHtmlCacheBehavior [ RunTime:0.000692s ]
INFO: [ app_begin ] --END-- [ RunTime:0.000739s ]
ERR: 非法操作:listorder

[ 2016-09-23T00:18:40+08:00 ] 127.0.0.1 /admin.php?c=content&a=listorder
INFO: [ app_init ] --START--
INFO: Run Behavior\BuildLiteBehavior [ RunTime:0.000052s ]
INFO: [ app_init ] --END-- [ RunTime:0.000690s ]
INFO: [ app_begin ] --START--
INFO: Run Behavior\ReadHtmlCacheBehavior [ RunTime:0.000617s ]
INFO: [ app_begin ] --END-- [ RunTime:0.000663s ]
ERR: 非法操作:listorder

[ 2016-09-23T00:18:54+08:00 ] 127.0.0.1 /admin.php?c=content
INFO: [ app_init ] --START--
INFO: Run Behavior\BuildLiteBehavior [ RunTime:0.000013s ]
INFO: [ app_init ] --END-- [ RunTime:0.000481s ]
INFO: [ app_begin ] --START--
INFO: Run Behavior\ReadHtmlCacheBehavior [ RunTime:0.000705s ]
INFO: [ app_begin ] --END-- [ RunTime:0.000751s ]
NOTIC: [8] Undefined index: title D:\web\www\mydemo\Application\Admin\Controller\ContentController.class.php 第 9 行.
NOTIC: [8] Undefined index: catid D:\web\www\mydemo\Application\Admin\Controller\ContentController.class.php 第 13 行.
NOTIC: [8] Undefined index: P D:\web\www\mydemo\Application\Admin\Controller\ContentController.class.php 第 17 行.
SQL: SHOW COLUMNS FROM `cms_news` [ RunTime:0.0128s ]
SQL: SELECT * FROM `cms_news` WHERE `status` <> -1 ORDER BY listorder desc,news_id desc LIMIT 0,1   [ RunTime:0.0013s ]
SQL: SELECT COUNT(*) AS tp_count FROM `cms_news` WHERE `status` <> -1 LIMIT 1   [ RunTime:0.0008s ]
NOTIC: [2048] Declaration of Common\Model\MenuModel::find() should be compatible with Think\Model::find($options = Array) D:\web\www\mydemo\Application\Common\Model\MenuModel.class.php 第 85 行.
SQL: SHOW COLUMNS FROM `cms_menu` [ RunTime:0.0118s ]
NOTIC: [8] Undefined variable: status D:\web\www\mydemo\Application\Common\Model\MenuModel.class.php 第 78 行.
SQL: SELECT * FROM `cms_menu` WHERE `type` = 0 ORDER BY listorder desc,menu_id desc  [ RunTime:0.0010s ]
INFO: [ view_parse ] --START--
INFO: [ template_filter ] --START--
INFO: Run Behavior\ContentReplaceBehavior [ RunTime:0.000093s ]
INFO: [ template_filter ] --END-- [ RunTime:0.000155s ]
SQL: SELECT * FROM `cms_menu` WHERE `status` <> -1 AND `type` = 1 ORDER BY listorder desc,menu_id desc  [ RunTime:0.0006s ]
NOTIC: [8] Undefined index: a D:\web\www\mydemo\Application\Common\Common\function.php 第 35 行.
NOTIC: [8] Undefined index: a D:\web\www\mydemo\Application\Common\Common\function.php 第 35 行.
NOTIC: [8] Undefined index: a D:\web\www\mydemo\Application\Common\Common\function.php 第 35 行.
NOTIC: [8] Undefined index: a D:\web\www\mydemo\Application\Common\Common\function.php 第 35 行.
INFO: Run Behavior\ParseTemplateBehavior [ RunTime:0.029676s ]
INFO: [ view_parse ] --END-- [ RunTime:0.029771s ]
INFO: [ view_filter ] --START--
INFO: Run Behavior\WriteHtmlCacheBehavior [ RunTime:0.000726s ]
INFO: [ view_filter ] --END-- [ RunTime:0.000774s ]
INFO: [ app_end ] --START--
INFO: Run Behavior\ShowPageTraceBehavior [ RunTime:0.000898s ]
INFO: [ app_end ] --END-- [ RunTime:0.000948s ]

[ 2016-09-23T00:18:58+08:00 ] 127.0.0.1 /admin.php?c=content&a=add
INFO: [ app_init ] --START--
INFO: Run Behavior\BuildLiteBehavior [ RunTime:0.000015s ]
INFO: [ app_init ] --END-- [ RunTime:0.000478s ]
INFO: [ app_begin ] --START--
INFO: Run Behavior\ReadHtmlCacheBehavior [ RunTime:0.000704s ]
INFO: [ app_begin ] --END-- [ RunTime:0.000763s ]
NOTIC: [2048] Declaration of Common\Model\MenuModel::find() should be compatible with Think\Model::find($options = Array) D:\web\www\mydemo\Application\Common\Model\MenuModel.class.php 第 4 行.
SQL: SHOW COLUMNS FROM `cms_menu` [ RunTime:0.0135s ]
NOTIC: [8] Undefined variable: status D:\web\www\mydemo\Application\Common\Model\MenuModel.class.php 第 78 行.
SQL: SELECT * FROM `cms_menu` WHERE `type` = 0 ORDER BY listorder desc,menu_id desc  [ RunTime:0.0011s ]
INFO: [ view_parse ] --START--
INFO: [ template_filter ] --START--
INFO: Run Behavior\ContentReplaceBehavior [ RunTime:0.000223s ]
INFO: [ template_filter ] --END-- [ RunTime:0.000359s ]
SQL: SELECT * FROM `cms_menu` WHERE `status` <> -1 AND `type` = 1 ORDER BY listorder desc,menu_id desc  [ RunTime:0.0011s ]
NOTIC: [8] Undefined index: a D:\web\www\mydemo\Application\Common\Common\function.php 第 35 行.
NOTIC: [8] Undefined index: a D:\web\www\mydemo\Application\Common\Common\function.php 第 35 行.
NOTIC: [8] Undefined index: a D:\web\www\mydemo\Application\Common\Common\function.php 第 35 行.
NOTIC: [8] Undefined index: a D:\web\www\mydemo\Application\Common\Common\function.php 第 35 行.
INFO: Run Behavior\ParseTemplateBehavior [ RunTime:0.034042s ]
INFO: [ view_parse ] --END-- [ RunTime:0.034171s ]
INFO: [ view_filter ] --START--
INFO: Run Behavior\WriteHtmlCacheBehavior [ RunTime:0.001534s ]
INFO: [ view_filter ] --END-- [ RunTime:0.001647s ]
INFO: [ app_end ] --START--
INFO: Run Behavior\ShowPageTraceBehavior [ RunTime:0.002242s ]
INFO: [ app_end ] --END-- [ RunTime:0.002430s ]

[ 2016-09-23T00:19:19+08:00 ] 127.0.0.1 /admin.php?c=image&a=ajaxuploadimage
INFO: [ app_init ] --START--
INFO: Run Behavior\BuildLiteBehavior [ RunTime:0.000011s ]
INFO: [ app_init ] --END-- [ RunTime:0.000348s ]
INFO: [ app_begin ] --START--
INFO: Run Behavior\ReadHtmlCacheBehavior [ RunTime:0.000999s ]
INFO: [ app_begin ] --END-- [ RunTime:0.001104s ]
NOTIC: [8] Use of undefined constant Y - assumed 'Y' D:\web\www\mydemo\Application\Common\Model\UploadImageModel.class.php 第 17 行.
NOTIC: [8] Use of undefined constant m - assumed 'm' D:\web\www\mydemo\Application\Common\Model\UploadImageModel.class.php 第 17 行.
NOTIC: [8] Use of undefined constant d - assumed 'd' D:\web\www\mydemo\Application\Common\Model\UploadImageModel.class.php 第 17 行.
NOTIC: [2] call_user_func() expects parameter 1 to be a valid callback, no array or string given D:\web\www\mydemo\ThinkPHP\Library\Think\Upload.class.php 第 170 行.

[ 2016-09-23T00:19:45+08:00 ] 127.0.0.1 /admin.php?c=content&a=add
INFO: [ app_init ] --START--
INFO: Run Behavior\BuildLiteBehavior [ RunTime:0.000014s ]
INFO: [ app_init ] --END-- [ RunTime:0.000479s ]
INFO: [ app_begin ] --START--
INFO: Run Behavior\ReadHtmlCacheBehavior [ RunTime:0.000680s ]
INFO: [ app_begin ] --END-- [ RunTime:0.000724s ]
SQL: SHOW COLUMNS FROM `cms_news` [ RunTime:0.0132s ]
SQL: INSERT INTO `cms_news` (`title`,`small_title`,`thumb`,`title_font_color`,`catid`,`copyfrom`,`description`,`keywords`,`create_time`,`username`) VALUES ('测试','测试','/upload/2016/09/23/57e4048793479.jpg','#5674ed','3','1','beauty','mn','1474561185','admin') [ RunTime:0.1087s ]
SQL: SHOW COLUMNS FROM `cms_news_content` [ RunTime:0.0117s ]
SQL: INSERT INTO `cms_news_content` (`content`,`news_id`,`create_time`) VALUES ('mnmnmnkdskajlsadkal;aa','16','1474561185') [ RunTime:0.0449s ]

[ 2016-09-23T00:19:47+08:00 ] 127.0.0.1 /admin.php?c=content
INFO: [ app_init ] --START--
INFO: Run Behavior\BuildLiteBehavior [ RunTime:0.000014s ]
INFO: [ app_init ] --END-- [ RunTime:0.000480s ]
INFO: [ app_begin ] --START--
INFO: Run Behavior\ReadHtmlCacheBehavior [ RunTime:0.000699s ]
INFO: [ app_begin ] --END-- [ RunTime:0.000747s ]
NOTIC: [8] Undefined index: title D:\web\www\mydemo\Application\Admin\Controller\ContentController.class.php 第 9 行.
NOTIC: [8] Undefined index: catid D:\web\www\mydemo\Application\Admin\Controller\ContentController.class.php 第 13 行.
NOTIC: [8] Undefined index: P D:\web\www\mydemo\Application\Admin\Controller\ContentController.class.php 第 17 行.
SQL: SHOW COLUMNS FROM `cms_news` [ RunTime:0.0091s ]
SQL: SELECT * FROM `cms_news` WHERE `status` <> -1 ORDER BY listorder desc,news_id desc LIMIT 0,1   [ RunTime:0.0006s ]
SQL: SELECT COUNT(*) AS tp_count FROM `cms_news` WHERE `status` <> -1 LIMIT 1   [ RunTime:0.0003s ]
NOTIC: [2048] Declaration of Common\Model\MenuModel::find() should be compatible with Think\Model::find($options = Array) D:\web\www\mydemo\Application\Common\Model\MenuModel.class.php 第 85 行.
SQL: SHOW COLUMNS FROM `cms_menu` [ RunTime:0.0058s ]
NOTIC: [8] Undefined variable: status D:\web\www\mydemo\Application\Common\Model\MenuModel.class.php 第 78 行.
SQL: SELECT * FROM `cms_menu` WHERE `type` = 0 ORDER BY listorder desc,menu_id desc  [ RunTime:0.0006s ]
INFO: [ view_parse ] --START--
INFO: [ template_filter ] --START--
INFO: Run Behavior\ContentReplaceBehavior [ RunTime:0.000093s ]
INFO: [ template_filter ] --END-- [ RunTime:0.000155s ]
SQL: SELECT * FROM `cms_menu` WHERE `status` <> -1 AND `type` = 1 ORDER BY listorder desc,menu_id desc  [ RunTime:0.0006s ]
NOTIC: [8] Undefined index: a D:\web\www\mydemo\Application\Common\Common\function.php 第 35 行.
NOTIC: [8] Undefined index: a D:\web\www\mydemo\Application\Common\Common\function.php 第 35 行.
NOTIC: [8] Undefined index: a D:\web\www\mydemo\Application\Common\Common\function.php 第 35 行.
NOTIC: [8] Undefined index: a D:\web\www\mydemo\Application\Common\Common\function.php 第 35 行.
INFO: Run Behavior\ParseTemplateBehavior [ RunTime:0.015160s ]
INFO: [ view_parse ] --END-- [ RunTime:0.015213s ]
INFO: [ view_filter ] --START--
INFO: Run Behavior\WriteHtmlCacheBehavior [ RunTime:0.000614s ]
INFO: [ view_filter ] --END-- [ RunTime:0.000653s ]
INFO: [ app_end ] --START--
INFO: Run Behavior\ShowPageTraceBehavior [ RunTime:0.000717s ]
INFO: [ app_end ] --END-- [ RunTime:0.000756s ]

[ 2016-09-23T00:19:53+08:00 ] 127.0.0.1 /admin.php/Admin/Content/index/p/2.html
INFO: [ app_init ] --START--
INFO: Run Behavior\BuildLiteBehavior [ RunTime:0.000015s ]
INFO: [ app_init ] --END-- [ RunTime:0.000477s ]
INFO: [ app_begin ] --START--
INFO: Run Behavior\ReadHtmlCacheBehavior [ RunTime:0.000697s ]
INFO: [ app_begin ] --END-- [ RunTime:0.000745s ]
NOTIC: [8] Undefined index: title D:\web\www\mydemo\Application\Admin\Controller\ContentController.class.php 第 9 行.
NOTIC: [8] Undefined index: catid D:\web\www\mydemo\Application\Admin\Controller\ContentController.class.php 第 13 行.
NOTIC: [8] Undefined index: P D:\web\www\mydemo\Application\Admin\Controller\ContentController.class.php 第 17 行.
SQL: SHOW COLUMNS FROM `cms_news` [ RunTime:0.0132s ]
SQL: SELECT * FROM `cms_news` WHERE `status` <> -1 ORDER BY listorder desc,news_id desc LIMIT 0,1   [ RunTime:0.0015s ]
SQL: SELECT COUNT(*) AS tp_count FROM `cms_news` WHERE `status` <> -1 LIMIT 1   [ RunTime:0.0007s ]
NOTIC: [2048] Declaration of Common\Model\MenuModel::find() should be compatible with Think\Model::find($options = Array) D:\web\www\mydemo\Application\Common\Model\MenuModel.class.php 第 85 行.
SQL: SHOW COLUMNS FROM `cms_menu` [ RunTime:0.0126s ]
NOTIC: [8] Undefined variable: status D:\web\www\mydemo\Application\Common\Model\MenuModel.class.php 第 78 行.
SQL: SELECT * FROM `cms_menu` WHERE `type` = 0 ORDER BY listorder desc,menu_id desc  [ RunTime:0.0009s ]
INFO: [ view_parse ] --START--
INFO: [ template_filter ] --START--
INFO: Run Behavior\ContentReplaceBehavior [ RunTime:0.000212s ]
INFO: [ template_filter ] --END-- [ RunTime:0.000344s ]
SQL: SELECT * FROM `cms_menu` WHERE `status` <> -1 AND `type` = 1 ORDER BY listorder desc,menu_id desc  [ RunTime:0.0005s ]
NOTIC: [8] Undefined index: a D:\web\www\mydemo\Application\Common\Common\function.php 第 35 行.
NOTIC: [8] Undefined index: a D:\web\www\mydemo\Application\Common\Common\function.php 第 35 行.
NOTIC: [8] Undefined index: a D:\web\www\mydemo\Application\Common\Common\function.php 第 35 行.
NOTIC: [8] Undefined index: a D:\web\www\mydemo\Application\Common\Common\function.php 第 35 行.
INFO: Run Behavior\ParseTemplateBehavior [ RunTime:0.034312s ]
INFO: [ view_parse ] --END-- [ RunTime:0.034416s ]
INFO: [ view_filter ] --START--
INFO: Run Behavior\WriteHtmlCacheBehavior [ RunTime:0.000767s ]
INFO: [ view_filter ] --END-- [ RunTime:0.000816s ]
INFO: [ app_end ] --START--
INFO: Run Behavior\ShowPageTraceBehavior [ RunTime:0.001082s ]
INFO: [ app_end ] --END-- [ RunTime:0.001156s ]

[ 2016-09-23T00:19:57+08:00 ] 127.0.0.1 /admin.php/Admin/Content/index/p/1.html
INFO: [ app_init ] --START--
INFO: Run Behavior\BuildLiteBehavior [ RunTime:0.000014s ]
INFO: [ app_init ] --END-- [ RunTime:0.000476s ]
INFO: [ app_begin ] --START--
INFO: Run Behavior\ReadHtmlCacheBehavior [ RunTime:0.000682s ]
INFO: [ app_begin ] --END-- [ RunTime:0.000727s ]
NOTIC: [8] Undefined index: title D:\web\www\mydemo\Application\Admin\Controller\ContentController.class.php 第 9 行.
NOTIC: [8] Undefined index: catid D:\web\www\mydemo\Application\Admin\Controller\ContentController.class.php 第 13 行.
NOTIC: [8] Undefined index: P D:\web\www\mydemo\Application\Admin\Controller\ContentController.class.php 第 17 行.
SQL: SHOW COLUMNS FROM `cms_news` [ RunTime:0.0130s ]
SQL: SELECT * FROM `cms_news` WHERE `status` <> -1 ORDER BY listorder desc,news_id desc LIMIT 0,1   [ RunTime:0.0012s ]
SQL: SELECT COUNT(*) AS tp_count FROM `cms_news` WHERE `status` <> -1 LIMIT 1   [ RunTime:0.0007s ]
NOTIC: [2048] Declaration of Common\Model\MenuModel::find() should be compatible with Think\Model::find($options = Array) D:\web\www\mydemo\Application\Common\Model\MenuModel.class.php 第 85 行.
SQL: SHOW COLUMNS FROM `cms_menu` [ RunTime:0.0122s ]
NOTIC: [8] Undefined variable: status D:\web\www\mydemo\Application\Common\Model\MenuModel.class.php 第 78 行.
SQL: SELECT * FROM `cms_menu` WHERE `type` = 0 ORDER BY listorder desc,menu_id desc  [ RunTime:0.0009s ]
INFO: [ view_parse ] --START--
INFO: [ template_filter ] --START--
INFO: Run Behavior\ContentReplaceBehavior [ RunTime:0.000110s ]
INFO: [ template_filter ] --END-- [ RunTime:0.000180s ]
SQL: SELECT * FROM `cms_menu` WHERE `status` <> -1 AND `type` = 1 ORDER BY listorder desc,menu_id desc  [ RunTime:0.0006s ]
NOTIC: [8] Undefined index: a D:\web\www\mydemo\Application\Common\Common\function.php 第 35 行.
NOTIC: [8] Undefined index: a D:\web\www\mydemo\Application\Common\Common\function.php 第 35 行.
NOTIC: [8] Undefined index: a D:\web\www\mydemo\Application\Common\Common\function.php 第 35 行.
NOTIC: [8] Undefined index: a D:\web\www\mydemo\Application\Common\Common\function.php 第 35 行.
INFO: Run Behavior\ParseTemplateBehavior [ RunTime:0.022772s ]
INFO: [ view_parse ] --END-- [ RunTime:0.022863s ]
INFO: [ view_filter ] --START--
INFO: Run Behavior\WriteHtmlCacheBehavior [ RunTime:0.000876s ]
INFO: [ view_filter ] --END-- [ RunTime:0.000936s ]
INFO: [ app_end ] --START--
INFO: Run Behavior\ShowPageTraceBehavior [ RunTime:0.001110s ]
INFO: [ app_end ] --END-- [ RunTime:0.001174s ]

[ 2016-09-23T00:20:04+08:00 ] 127.0.0.1 /admin.php/Admin/Content/index/p/2.html
INFO: [ app_init ] --START--
INFO: Run Behavior\BuildLiteBehavior [ RunTime:0.000014s ]
INFO: [ app_init ] --END-- [ RunTime:0.000478s ]
INFO: [ app_begin ] --START--
INFO: Run Behavior\ReadHtmlCacheBehavior [ RunTime:0.000693s ]
INFO: [ app_begin ] --END-- [ RunTime:0.000738s ]
NOTIC: [8] Undefined index: title D:\web\www\mydemo\Application\Admin\Controller\ContentController.class.php 第 9 行.
NOTIC: [8] Undefined index: catid D:\web\www\mydemo\Application\Admin\Controller\ContentController.class.php 第 13 行.
NOTIC: [8] Undefined index: P D:\web\www\mydemo\Application\Admin\Controller\ContentController.class.php 第 17 行.
SQL: SHOW COLUMNS FROM `cms_news` [ RunTime:0.0117s ]
SQL: SELECT * FROM `cms_news` WHERE `status` <> -1 ORDER BY listorder desc,news_id desc LIMIT 0,1   [ RunTime:0.0011s ]
SQL: SELECT COUNT(*) AS tp_count FROM `cms_news` WHERE `status` <> -1 LIMIT 1   [ RunTime:0.0007s ]
NOTIC: [2048] Declaration of Common\Model\MenuModel::find() should be compatible with Think\Model::find($options = Array) D:\web\www\mydemo\Application\Common\Model\MenuModel.class.php 第 85 行.
SQL: SHOW COLUMNS FROM `cms_menu` [ RunTime:0.0117s ]
NOTIC: [8] Undefined variable: status D:\web\www\mydemo\Application\Common\Model\MenuModel.class.php 第 78 行.
SQL: SELECT * FROM `cms_menu` WHERE `type` = 0 ORDER BY listorder desc,menu_id desc  [ RunTime:0.0009s ]
INFO: [ view_parse ] --START--
INFO: [ template_filter ] --START--
INFO: Run Behavior\ContentReplaceBehavior [ RunTime:0.000132s ]
INFO: [ template_filter ] --END-- [ RunTime:0.000215s ]
SQL: SELECT * FROM `cms_menu` WHERE `status` <> -1 AND `type` = 1 ORDER BY listorder desc,menu_id desc  [ RunTime:0.0007s ]
NOTIC: [8] Undefined index: a D:\web\www\mydemo\Application\Common\Common\function.php 第 35 行.
NOTIC: [8] Undefined index: a D:\web\www\mydemo\Application\Common\Common\function.php 第 35 行.
NOTIC: [8] Undefined index: a D:\web\www\mydemo\Application\Common\Common\function.php 第 35 行.
NOTIC: [8] Undefined index: a D:\web\www\mydemo\Application\Common\Common\function.php 第 35 行.
INFO: Run Behavior\ParseTemplateBehavior [ RunTime:0.028574s ]
INFO: [ view_parse ] --END-- [ RunTime:0.028676s ]
INFO: [ view_filter ] --START--
INFO: Run Behavior\WriteHtmlCacheBehavior [ RunTime:0.001073s ]
INFO: [ view_filter ] --END-- [ RunTime:0.001148s ]
INFO: [ app_end ] --START--
INFO: Run Behavior\ShowPageTraceBehavior [ RunTime:0.001336s ]
INFO: [ app_end ] --END-- [ RunTime:0.001416s ]

[ 2016-09-23T00:20:07+08:00 ] 127.0.0.1 /admin.php/Admin/Content/index/p/1.html
INFO: [ app_init ] --START--
INFO: Run Behavior\BuildLiteBehavior [ RunTime:0.000020s ]
INFO: [ app_init ] --END-- [ RunTime:0.000507s ]
INFO: [ app_begin ] --START--
INFO: Run Behavior\ReadHtmlCacheBehavior [ RunTime:0.001299s ]
INFO: [ app_begin ] --END-- [ RunTime:0.001408s ]
NOTIC: [8] Undefined index: title D:\web\www\mydemo\Application\Admin\Controller\ContentController.class.php 第 9 行.
NOTIC: [8] Undefined index: catid D:\web\www\mydemo\Application\Admin\Controller\ContentController.class.php 第 13 行.
NOTIC: [8] Undefined index: P D:\web\www\mydemo\Application\Admin\Controller\ContentController.class.php 第 17 行.
SQL: SHOW COLUMNS FROM `cms_news` [ RunTime:0.0137s ]
SQL: SELECT * FROM `cms_news` WHERE `status` <> -1 ORDER BY listorder desc,news_id desc LIMIT 0,1   [ RunTime:0.0011s ]
SQL: SELECT COUNT(*) AS tp_count FROM `cms_news` WHERE `status` <> -1 LIMIT 1   [ RunTime:0.0007s ]
NOTIC: [2048] Declaration of Common\Model\MenuModel::find() should be compatible with Think\Model::find($options = Array) D:\web\www\mydemo\Application\Common\Model\MenuModel.class.php 第 85 行.
SQL: SHOW COLUMNS FROM `cms_menu` [ RunTime:0.0154s ]
NOTIC: [8] Undefined variable: status D:\web\www\mydemo\Application\Common\Model\MenuModel.class.php 第 78 行.
SQL: SELECT * FROM `cms_menu` WHERE `type` = 0 ORDER BY listorder desc,menu_id desc  [ RunTime:0.0011s ]
INFO: [ view_parse ] --START--
INFO: [ template_filter ] --START--
INFO: Run Behavior\ContentReplaceBehavior [ RunTime:0.000214s ]
INFO: [ template_filter ] --END-- [ RunTime:0.000343s ]
SQL: SELECT * FROM `cms_menu` WHERE `status` <> -1 AND `type` = 1 ORDER BY listorder desc,menu_id desc  [ RunTime:0.0011s ]
NOTIC: [8] Undefined index: a D:\web\www\mydemo\Application\Common\Common\function.php 第 35 行.
NOTIC: [8] Undefined index: a D:\web\www\mydemo\Application\Common\Common\function.php 第 35 行.
NOTIC: [8] Undefined index: a D:\web\www\mydemo\Application\Common\Common\function.php 第 35 行.
NOTIC: [8] Undefined index: a D:\web\www\mydemo\Application\Common\Common\function.php 第 35 行.
INFO: Run Behavior\ParseTemplateBehavior [ RunTime:0.035813s ]
INFO: [ view_parse ] --END-- [ RunTime:0.035939s ]
INFO: [ view_filter ] --START--
INFO: Run Behavior\WriteHtmlCacheBehavior [ RunTime:0.001585s ]
INFO: [ view_filter ] --END-- [ RunTime:0.001704s ]
INFO: [ app_end ] --START--
INFO: Run Behavior\ShowPageTraceBehavior [ RunTime:0.002059s ]
INFO: [ app_end ] --END-- [ RunTime:0.002192s ]

[ 2016-09-23T00:20:46+08:00 ] 127.0.0.1 /admin.php?c=content&a=listorder
INFO: [ app_init ] --START--
INFO: Run Behavior\BuildLiteBehavior [ RunTime:0.000014s ]
INFO: [ app_init ] --END-- [ RunTime:0.000387s ]
INFO: [ app_begin ] --START--
INFO: Run Behavior\ReadHtmlCacheBehavior [ RunTime:0.000584s ]
INFO: [ app_begin ] --END-- [ RunTime:0.000631s ]
ERR: 非法操作:listorder

[ 2016-09-23T00:20:49+08:00 ] 127.0.0.1 /admin.php/Admin/Content/index/p/2.html
INFO: [ app_init ] --START--
INFO: Run Behavior\BuildLiteBehavior [ RunTime:0.000015s ]
INFO: [ app_init ] --END-- [ RunTime:0.000533s ]
INFO: [ app_begin ] --START--
INFO: Run Behavior\ReadHtmlCacheBehavior [ RunTime:0.001425s ]
INFO: [ app_begin ] --END-- [ RunTime:0.001508s ]
NOTIC: [8] Undefined index: title D:\web\www\mydemo\Application\Admin\Controller\ContentController.class.php 第 9 行.
NOTIC: [8] Undefined index: catid D:\web\www\mydemo\Application\Admin\Controller\ContentController.class.php 第 13 行.
NOTIC: [8] Undefined index: P D:\web\www\mydemo\Application\Admin\Controller\ContentController.class.php 第 17 行.
SQL: SHOW COLUMNS FROM `cms_news` [ RunTime:0.0132s ]
SQL: SELECT * FROM `cms_news` WHERE `status` <> -1 ORDER BY listorder desc,news_id desc LIMIT 0,1   [ RunTime:0.0013s ]
SQL: SELECT COUNT(*) AS tp_count FROM `cms_news` WHERE `status` <> -1 LIMIT 1   [ RunTime:0.0009s ]
NOTIC: [2048] Declaration of Common\Model\MenuModel::find() should be compatible with Think\Model::find($options = Array) D:\web\www\mydemo\Application\Common\Model\MenuModel.class.php 第 85 行.
SQL: SHOW COLUMNS FROM `cms_menu` [ RunTime:0.0134s ]
NOTIC: [8] Undefined variable: status D:\web\www\mydemo\Application\Common\Model\MenuModel.class.php 第 78 行.
SQL: SELECT * FROM `cms_menu` WHERE `type` = 0 ORDER BY listorder desc,menu_id desc  [ RunTime:0.0010s ]
INFO: [ view_parse ] --START--
INFO: [ template_filter ] --START--
INFO: Run Behavior\ContentReplaceBehavior [ RunTime:0.000227s ]
INFO: [ template_filter ] --END-- [ RunTime:0.000348s ]
SQL: SELECT * FROM `cms_menu` WHERE `status` <> -1 AND `type` = 1 ORDER BY listorder desc,menu_id desc  [ RunTime:0.0008s ]
NOTIC: [8] Undefined index: a D:\web\www\mydemo\Application\Common\Common\function.php 第 35 行.
NOTIC: [8] Undefined index: a D:\web\www\mydemo\Application\Common\Common\function.php 第 35 行.
NOTIC: [8] Undefined index: a D:\web\www\mydemo\Application\Common\Common\function.php 第 35 行.
NOTIC: [8] Undefined index: a D:\web\www\mydemo\Application\Common\Common\function.php 第 35 行.
INFO: Run Behavior\ParseTemplateBehavior [ RunTime:0.023674s ]
INFO: [ view_parse ] --END-- [ RunTime:0.023802s ]
INFO: [ view_filter ] --START--
INFO: Run Behavior\WriteHtmlCacheBehavior [ RunTime:0.001087s ]
INFO: [ view_filter ] --END-- [ RunTime:0.001161s ]
INFO: [ app_end ] --START--
INFO: Run Behavior\ShowPageTraceBehavior [ RunTime:0.001345s ]
INFO: [ app_end ] --END-- [ RunTime:0.001424s ]

[ 2016-09-23T23:00:06+08:00 ] 127.0.0.1 /index.php?m=admin&c=login
INFO: [ app_init ] --START--
INFO: Run Behavior\BuildLiteBehavior [ RunTime:0.000016s ]
INFO: [ app_init ] --END-- [ RunTime:0.000676s ]
INFO: [ app_begin ] --START--
INFO: Run Behavior\ReadHtmlCacheBehavior [ RunTime:0.000722s ]
INFO: [ app_begin ] --END-- [ RunTime:0.000769s ]
INFO: [ view_parse ] --START--
INFO: [ template_filter ] --START--
INFO: Run Behavior\ContentReplaceBehavior [ RunTime:0.000049s ]
INFO: [ template_filter ] --END-- [ RunTime:0.000096s ]
INFO: Run Behavior\ParseTemplateBehavior [ RunTime:0.007920s ]
INFO: [ view_parse ] --END-- [ RunTime:0.008207s ]
INFO: [ view_filter ] --START--
INFO: Run Behavior\WriteHtmlCacheBehavior [ RunTime:0.000489s ]
INFO: [ view_filter ] --END-- [ RunTime:0.000535s ]
INFO: [ app_end ] --START--
INFO: Run Behavior\ShowPageTraceBehavior [ RunTime:0.000729s ]
INFO: [ app_end ] --END-- [ RunTime:0.000772s ]

[ 2016-09-23T23:00:13+08:00 ] 127.0.0.1 /index.php?m=admin&c=login&a=check
INFO: [ app_init ] --START--
INFO: Run Behavior\BuildLiteBehavior [ RunTime:0.000022s ]
INFO: [ app_init ] --END-- [ RunTime:0.000682s ]
INFO: [ app_begin ] --START--
INFO: Run Behavior\ReadHtmlCacheBehavior [ RunTime:0.000655s ]
INFO: [ app_begin ] --END-- [ RunTime:0.000720s ]
SQL: SHOW COLUMNS FROM `cms_admin` [ RunTime:0.0195s ]
SQL: SELECT * FROM `cms_admin` WHERE ( username="admin" ) LIMIT 1   [ RunTime:0.0038s ]

[ 2016-09-23T23:00:16+08:00 ] 127.0.0.1 /index.php?m=admin&c=index
INFO: [ app_init ] --START--
INFO: Run Behavior\BuildLiteBehavior [ RunTime:0.000019s ]
INFO: [ app_init ] --END-- [ RunTime:0.000759s ]
INFO: [ app_begin ] --START--
INFO: Run Behavior\ReadHtmlCacheBehavior [ RunTime:0.001200s ]
INFO: [ app_begin ] --END-- [ RunTime:0.001322s ]
INFO: [ view_parse ] --START--
INFO: [ template_filter ] --START--
INFO: Run Behavior\ContentReplaceBehavior [ RunTime:0.000091s ]
INFO: [ template_filter ] --END-- [ RunTime:0.000169s ]
NOTIC: [2048] Declaration of Common\Model\MenuModel::find() should be compatible with Think\Model::find($options = Array) D:\web\www\mydemo\Application\Common\Model\MenuModel.class.php 第 4 行.
SQL: SHOW COLUMNS FROM `cms_menu` [ RunTime:0.0117s ]
SQL: SELECT * FROM `cms_menu` WHERE `status` <> -1 AND `type` = 1 ORDER BY listorder desc,menu_id desc  [ RunTime:0.0026s ]
NOTIC: [8] Undefined index: a D:\web\www\mydemo\Application\Common\Common\function.php 第 35 行.
NOTIC: [8] Undefined index: a D:\web\www\mydemo\Application\Common\Common\function.php 第 35 行.
NOTIC: [8] Undefined index: a D:\web\www\mydemo\Application\Common\Common\function.php 第 35 行.
NOTIC: [8] Undefined index: a D:\web\www\mydemo\Application\Common\Common\function.php 第 35 行.
INFO: Run Behavior\ParseTemplateBehavior [ RunTime:1.043111s ]
INFO: [ view_parse ] --END-- [ RunTime:1.043244s ]
INFO: [ view_filter ] --START--
INFO: Run Behavior\WriteHtmlCacheBehavior [ RunTime:0.002645s ]
INFO: [ view_filter ] --END-- [ RunTime:0.002903s ]
INFO: [ app_end ] --START--
INFO: Run Behavior\ShowPageTraceBehavior [ RunTime:0.002468s ]
INFO: [ app_end ] --END-- [ RunTime:0.002774s ]

