[ 2016-09-20T21:13:47+08:00 ] 127.0.0.1 /admin.php/index.php/m/admin/c/login/a/index.html
INFO: [ app_init ] --START--
INFO: Run Behavior\BuildLiteBehavior [ RunTime:0.000010s ]
INFO: [ app_init ] --END-- [ RunTime:0.000421s ]
ERR: 无法加载模块:Index.php

[ 2016-09-20T21:14:33+08:00 ] 127.0.0.1 /admin.php/index.php/m/admin/c/login/a/index.html
INFO: [ app_init ] --START--
INFO: Run Behavior\BuildLiteBehavior [ RunTime:0.000012s ]
INFO: [ app_init ] --END-- [ RunTime:0.000404s ]
ERR: 无法加载模块:Index.php

[ 2016-09-20T21:21:04+08:00 ] 127.0.0.1 /admin.php/index.php/m/admin/c/login/a/index.html
INFO: [ app_init ] --START--
INFO: Run Behavior\BuildLiteBehavior [ RunTime:0.000015s ]
INFO: [ app_init ] --END-- [ RunTime:0.000493s ]
ERR: 无法加载模块:Index.php

[ 2016-09-20T22:26:00+08:00 ] 127.0.0.1 /admin.php/admin.php/c/login.html
INFO: [ app_init ] --START--
INFO: Run Behavior\BuildLiteBehavior [ RunTime:0.000024s ]
INFO: [ app_init ] --END-- [ RunTime:0.000454s ]
ERR: 无法加载模块:Admin.php

[ 2016-09-20T22:26:12+08:00 ] 127.0.0.1 /admin.php/admin.php/c/login.html
INFO: [ app_init ] --START--
INFO: Run Behavior\BuildLiteBehavior [ RunTime:0.000013s ]
INFO: [ app_init ] --END-- [ RunTime:0.000433s ]
ERR: 无法加载模块:Admin.php

[ 2016-09-20T23:49:02+08:00 ] 127.0.0.1 /admin.php/index.php/m/admin/c/login/a/index.html
INFO: [ app_init ] --START--
INFO: Run Behavior\BuildLiteBehavior [ RunTime:0.000011s ]
INFO: [ app_init ] --END-- [ RunTime:0.000436s ]
ERR: 无法加载模块:Index.php

[ 2016-09-20T23:49:59+08:00 ] 127.0.0.1 /admin.php/admin.php/c/login.html
INFO: [ app_init ] --START--
INFO: Run Behavior\BuildLiteBehavior [ RunTime:0.000013s ]
INFO: [ app_init ] --END-- [ RunTime:0.000499s ]
ERR: 无法加载模块:Admin.php

[ 2016-09-20T23:50:01+08:00 ] 127.0.0.1 /admin.php/admin.php/c/login.html
INFO: [ app_init ] --START--
INFO: Run Behavior\BuildLiteBehavior [ RunTime:0.000016s ]
INFO: [ app_init ] --END-- [ RunTime:0.000585s ]
ERR: 无法加载模块:Admin.php

[ 2016-09-20T23:50:33+08:00 ] 127.0.0.1 /admin.php/admin.php/c/login.html
INFO: [ app_init ] --START--
INFO: Run Behavior\BuildLiteBehavior [ RunTime:0.000012s ]
INFO: [ app_init ] --END-- [ RunTime:0.000439s ]
ERR: 无法加载模块:Admin.php

[ 2016-09-20T23:51:58+08:00 ] 127.0.0.1 /admin.php/admin.php/c/login.html
INFO: [ app_init ] --START--
INFO: Run Behavior\BuildLiteBehavior [ RunTime:0.000014s ]
INFO: [ app_init ] --END-- [ RunTime:0.000488s ]
ERR: 无法加载模块:Admin.php

[ 2016-09-20T23:52:00+08:00 ] 127.0.0.1 /admin.php/admin.php/c/login.html
INFO: [ app_init ] --START--
INFO: Run Behavior\BuildLiteBehavior [ RunTime:0.000011s ]
INFO: [ app_init ] --END-- [ RunTime:0.000438s ]
ERR: 无法加载模块:Admin.php

[ 2016-09-20T23:52:05+08:00 ] 127.0.0.1 /admin.php/admin.php/c/login.html
INFO: [ app_init ] --START--
INFO: Run Behavior\BuildLiteBehavior [ RunTime:0.000014s ]
INFO: [ app_init ] --END-- [ RunTime:0.000464s ]
ERR: 无法加载模块:Admin.php

[ 2016-09-20T23:52:13+08:00 ] 127.0.0.1 /admin.php/admin.php/c/login.html
INFO: [ app_init ] --START--
INFO: Run Behavior\BuildLiteBehavior [ RunTime:0.000012s ]
INFO: [ app_init ] --END-- [ RunTime:0.000355s ]
ERR: 无法加载模块:Admin.php

